<?xml version="1.0" encoding="UTF-8"?>
<testsuite name="com.example.account.service.AccountServiceTest" tests="1" skipped="0" failures="0" errors="0" timestamp="2023-07-23T06:03:20" hostname="YUYA" time="1.693">
  <properties/>
  <testcase name="계좌 이미 없음 - 계좌 해지 실패" classname="com.example.account.service.AccountServiceTest" time="1.693"/>
  <system-out><![CDATA[]]></system-out>
  <system-err><![CDATA[]]></system-err>
</testsuite>
