<?xml version="1.0" encoding="UTF-8"?>
<testsuite name="com.example.account.service.AccountServiceTest" tests="1" skipped="0" failures="0" errors="0" timestamp="2023-07-21T02:45:16" hostname="YUYA" time="1.616">
  <properties/>
  <testcase name="textFailedToSearchAccount()" classname="com.example.account.service.AccountServiceTest" time="1.616"/>
  <system-out><![CDATA[]]></system-out>
  <system-err><![CDATA[]]></system-err>
</testsuite>
