<?xml version="1.0" encoding="UTF-8"?>
<testsuite name="com.example.account.service.AccountServiceTest" tests="1" skipped="0" failures="0" errors="0" timestamp="2023-07-23T09:58:54" hostname="YUYA" time="1.989">
  <properties/>
  <testcase name="successGetAccountByUserId()" classname="com.example.account.service.AccountServiceTest" time="1.989"/>
  <system-out><![CDATA[]]></system-out>
  <system-err><![CDATA[]]></system-err>
</testsuite>
