<?xml version="1.0" encoding="UTF-8"?>
<testsuite name="com.example.account.service.AccountServiceTest" tests="2" skipped="0" failures="0" errors="0" timestamp="2023-07-20T07:37:03" hostname="YUYA" time="0.846">
  <properties/>
  <testcase name="testGetAccount()" classname="com.example.account.service.AccountServiceTest" time="0.815"/>
  <testcase name="testGetAccount2()" classname="com.example.account.service.AccountServiceTest" time="0.028"/>
  <system-out><![CDATA[16:36:43.127 [Test worker] DEBUG org.springframework.test.context.BootstrapUtils - Instantiating CacheAwareContextLoaderDelegate from class [org.springframework.test.context.cache.DefaultCacheAwareContextLoaderDelegate]
16:36:43.177 [Test worker] DEBUG org.springframework.test.context.BootstrapUtils - Instantiating BootstrapContext using constructor [public org.springframework.test.context.support.DefaultBootstrapContext(java.lang.Class,org.springframework.test.context.CacheAwareContextLoaderDelegate)]
16:36:43.313 [Test worker] DEBUG org.springframework.test.context.BootstrapUtils - Instantiating TestContextBootstrapper for test class [com.example.account.service.AccountServiceTest] from class [org.springframework.boot.test.context.SpringBootTestContextBootstrapper]
16:36:43.372 [Test worker] INFO org.springframework.boot.test.context.SpringBootTestContextBootstrapper - Neither @ContextConfiguration nor @ContextHierarchy found for test class [com.example.account.service.AccountServiceTest], using SpringBootContextLoader
16:36:43.388 [Test worker] DEBUG org.springframework.test.context.support.AbstractContextLoader - Did not detect default resource location for test class [com.example.account.service.AccountServiceTest]: class path resource [com/example/account/service/AccountServiceTest-context.xml] does not exist
16:36:43.390 [Test worker] DEBUG org.springframework.test.context.support.AbstractContextLoader - Did not detect default resource location for test class [com.example.account.service.AccountServiceTest]: class path resource [com/example/account/service/AccountServiceTestContext.groovy] does not exist
16:36:43.393 [Test worker] INFO org.springframework.test.context.support.AbstractContextLoader - Could not detect default resource locations for test class [com.example.account.service.AccountServiceTest]: no resource found for suffixes {-context.xml, Context.groovy}.
16:36:43.395 [Test worker] INFO org.springframework.test.context.support.AnnotationConfigContextLoaderUtils - Could not detect default configuration classes for test class [com.example.account.service.AccountServiceTest]: AccountServiceTest does not declare any static, non-private, non-final, nested classes annotated with @Configuration.
16:36:43.578 [Test worker] DEBUG org.springframework.test.context.support.ActiveProfilesUtils - Could not find an 'annotation declaring class' for annotation type [org.springframework.test.context.ActiveProfiles] and class [com.example.account.service.AccountServiceTest]
16:36:44.137 [Test worker] DEBUG org.springframework.context.annotation.ClassPathScanningCandidateComponentProvider - Identified candidate component class: file [C:\Users\jr084\Coding\intel_j\Account\build\classes\java\main\com\example\account\AccountApplication.class]
16:36:44.145 [Test worker] INFO org.springframework.boot.test.context.SpringBootTestContextBootstrapper - Found @SpringBootConfiguration com.example.account.AccountApplication for test class com.example.account.service.AccountServiceTest
16:36:44.853 [Test worker] DEBUG org.springframework.boot.test.context.SpringBootTestContextBootstrapper - @TestExecutionListeners is not present for class [com.example.account.service.AccountServiceTest]: using defaults.
16:36:44.855 [Test worker] INFO org.springframework.boot.test.context.SpringBootTestContextBootstrapper - Loaded default TestExecutionListener class names from location [META-INF/spring.factories]: [org.springframework.boot.test.autoconfigure.restdocs.RestDocsTestExecutionListener, org.springframework.boot.test.autoconfigure.web.client.MockRestServiceServerResetTestExecutionListener, org.springframework.boot.test.autoconfigure.web.servlet.MockMvcPrintOnlyOnFailureTestExecutionListener, org.springframework.boot.test.autoconfigure.web.servlet.WebDriverTestExecutionListener, org.springframework.boot.test.autoconfigure.webservices.client.MockWebServiceServerTestExecutionListener, org.springframework.boot.test.mock.mockito.MockitoTestExecutionListener, org.springframework.boot.test.mock.mockito.ResetMocksTestExecutionListener, org.springframework.test.context.web.ServletTestExecutionListener, org.springframework.test.context.support.DirtiesContextBeforeModesTestExecutionListener, org.springframework.test.context.event.ApplicationEventsTestExecutionListener, org.springframework.test.context.support.DependencyInjectionTestExecutionListener, org.springframework.test.context.support.DirtiesContextTestExecutionListener, org.springframework.test.context.transaction.TransactionalTestExecutionListener, org.springframework.test.context.jdbc.SqlScriptsTestExecutionListener, org.springframework.test.context.event.EventPublishingTestExecutionListener]
16:36:45.043 [Test worker] INFO org.springframework.boot.test.context.SpringBootTestContextBootstrapper - Using TestExecutionListeners: [org.springframework.test.context.web.ServletTestExecutionListener@11ee02f8, org.springframework.test.context.support.DirtiesContextBeforeModesTestExecutionListener@4102b1b1, org.springframework.test.context.event.ApplicationEventsTestExecutionListener@61a5b4ae, org.springframework.boot.test.mock.mockito.MockitoTestExecutionListener@3a71c100, org.springframework.boot.test.autoconfigure.SpringBootDependencyInjectionTestExecutionListener@5b69fd74, org.springframework.test.context.support.DirtiesContextTestExecutionListener@f325091, org.springframework.test.context.transaction.TransactionalTestExecutionListener@437e951d, org.springframework.test.context.jdbc.SqlScriptsTestExecutionListener@77b325b3, org.springframework.test.context.event.EventPublishingTestExecutionListener@63a5e46c, org.springframework.boot.test.autoconfigure.restdocs.RestDocsTestExecutionListener@7e8e8651, org.springframework.boot.test.autoconfigure.web.client.MockRestServiceServerResetTestExecutionListener@49ef32e0, org.springframework.boot.test.autoconfigure.web.servlet.MockMvcPrintOnlyOnFailureTestExecutionListener@271f18d3, org.springframework.boot.test.autoconfigure.web.servlet.WebDriverTestExecutionListener@6bd51ed8, org.springframework.boot.test.autoconfigure.webservices.client.MockWebServiceServerTestExecutionListener@61e3a1fd, org.springframework.boot.test.mock.mockito.ResetMocksTestExecutionListener@51abf713]
16:36:45.077 [Test worker] DEBUG org.springframework.test.context.support.AbstractDirtiesContextTestExecutionListener - Before test class: context [DefaultTestContext@65ef722a testClass = AccountServiceTest, testInstance = [null], testMethod = [null], testException = [null], mergedContextConfiguration = [WebMergedContextConfiguration@5fd9b663 testClass = AccountServiceTest, locations = '{}', classes = '{class com.example.account.AccountApplication}', contextInitializerClasses = '[]', activeProfiles = '{}', propertySourceLocations = '{}', propertySourceProperties = '{org.springframework.boot.test.context.SpringBootTestContextBootstrapper=true}', contextCustomizers = set[org.springframework.boot.test.autoconfigure.actuate.metrics.MetricsExportContextCustomizerFactory$DisableMetricExportContextCustomizer@435871cb, org.springframework.boot.test.autoconfigure.properties.PropertyMappingContextCustomizer@0, org.springframework.boot.test.autoconfigure.web.servlet.WebDriverContextCustomizerFactory$Customizer@2c88b9fc, org.springframework.boot.test.context.filter.ExcludeFilterContextCustomizer@1dd0e7c4, org.springframework.boot.test.json.DuplicateJsonObjectContextCustomizerFactory$DuplicateJsonObjectContextCustomizer@242aa8d9, org.springframework.boot.test.mock.mockito.MockitoContextCustomizer@0, org.springframework.boot.test.web.client.TestRestTemplateContextCustomizer@4f2c9ba6, org.springframework.boot.test.context.SpringBootTestArgs@1, org.springframework.boot.test.context.SpringBootTestWebEnvironment@895e367], resourceBasePath = 'src/main/webapp', contextLoader = 'org.springframework.boot.test.context.SpringBootContextLoader', parent = [null]], attributes = map['org.springframework.test.context.web.ServletTestExecutionListener.activateListener' -> true]], class annotated with @DirtiesContext [false] with mode [null].

  .   ____          _            __ _ _
 /\\ / ___'_ __ _ _(_)_ __  __ _ \ \ \ \
( ( )\___ | '_ | '_| | '_ \/ _` | \ \ \ \
 \\/  ___)| |_)| | | | | || (_| |  ) ) ) )
  '  |____| .__|_| |_|_| |_\__, | / / / /
 =========|_|==============|___/=/_/_/_/
 :: Spring Boot ::               (v2.7.13)

2023-07-20 16:36:47.104  INFO 15800 --- [    Test worker] c.e.account.service.AccountServiceTest   : Starting AccountServiceTest using Java 11.0.19 on yuya with PID 15800 (started by jr084 in C:\Users\jr084\Coding\intel_j\Account)
2023-07-20 16:36:47.107  INFO 15800 --- [    Test worker] c.e.account.service.AccountServiceTest   : No active profile set, falling back to 1 default profile: "default"
2023-07-20 16:36:49.781  INFO 15800 --- [    Test worker] .s.d.r.c.RepositoryConfigurationDelegate : Bootstrapping Spring Data JPA repositories in DEFAULT mode.
2023-07-20 16:36:51.070  INFO 15800 --- [    Test worker] .s.d.r.c.RepositoryConfigurationDelegate : Finished Spring Data repository scanning in 1259 ms. Found 1 JPA repository interfaces.
2023-07-20 16:36:53.438  INFO 15800 --- [    Test worker] o.hibernate.jpa.internal.util.LogHelper  : HHH000204: Processing PersistenceUnitInfo [name: default]
2023-07-20 16:36:53.658  INFO 15800 --- [    Test worker] org.hibernate.Version                    : HHH000412: Hibernate ORM core version 5.6.15.Final
2023-07-20 16:36:54.255  INFO 15800 --- [    Test worker] o.hibernate.annotations.common.Version   : HCANN000001: Hibernate Commons Annotations {5.1.2.Final}
2023-07-20 16:36:54.533  INFO 15800 --- [    Test worker] com.zaxxer.hikari.HikariDataSource       : HikariPool-1 - Starting...
2023-07-20 16:36:55.170  INFO 15800 --- [    Test worker] com.zaxxer.hikari.HikariDataSource       : HikariPool-1 - Start completed.
2023-07-20 16:36:55.233  INFO 15800 --- [    Test worker] org.hibernate.dialect.Dialect            : HHH000400: Using dialect: org.hibernate.dialect.H2Dialect
Hibernate: 
    
    drop table if exists account CASCADE 
Hibernate: 
    
    drop sequence if exists hibernate_sequence
Hibernate: create sequence hibernate_sequence start with 1 increment by 1
Hibernate: 
    
    create table account (
       id bigint not null,
        account_number varchar(255),
        account_status varchar(255),
        primary key (id)
    )
2023-07-20 16:36:57.311  INFO 15800 --- [    Test worker] o.h.e.t.j.p.i.JtaPlatformInitiator       : HHH000490: Using JtaPlatform implementation: [org.hibernate.engine.transaction.jta.platform.internal.NoJtaPlatform]
2023-07-20 16:36:57.338  INFO 15800 --- [    Test worker] j.LocalContainerEntityManagerFactoryBean : Initialized JPA EntityManagerFactory for persistence unit 'default'
2023-07-20 16:36:59.190  INFO 15800 --- [    Test worker] org.redisson.Version                     : Redisson 3.17.1
2023-07-20 16:37:00.274  INFO 15800 --- [isson-netty-2-8] o.r.c.pool.MasterPubSubConnectionPool    : 1 connections initialized for 127.0.0.1/127.0.0.1:6379
2023-07-20 16:37:00.379  INFO 15800 --- [sson-netty-2-18] o.r.c.pool.MasterConnectionPool          : 24 connections initialized for 127.0.0.1/127.0.0.1:6379
2023-07-20 16:37:02.240  INFO 15800 --- [    Test worker] o.s.b.a.h2.H2ConsoleAutoConfiguration    : H2 console available at '/h2-console'. Database available at 'jdbc:h2:mem:test'
2023-07-20 16:37:03.305  INFO 15800 --- [    Test worker] c.e.account.service.AccountServiceTest   : Started AccountServiceTest in 17.943 seconds (JVM running for 25.288)
Hibernate: 
    call next value for hibernate_sequence
Hibernate: 
    insert 
    into
        account
        (account_number, account_status, id) 
    values
        (?, ?, ?)
Hibernate: 
    call next value for hibernate_sequence
Hibernate: 
    insert 
    into
        account
        (account_number, account_status, id) 
    values
        (?, ?, ?)
Hibernate: 
    select
        account0_.id as id1_0_0_,
        account0_.account_number as account_2_0_0_,
        account0_.account_status as account_3_0_0_ 
    from
        account account0_ 
    where
        account0_.id=?
Hibernate: 
    call next value for hibernate_sequence
Hibernate: 
    insert 
    into
        account
        (account_number, account_status, id) 
    values
        (?, ?, ?)
Hibernate: 
    call next value for hibernate_sequence
Hibernate: 
    insert 
    into
        account
        (account_number, account_status, id) 
    values
        (?, ?, ?)
Hibernate: 
    select
        account0_.id as id1_0_0_,
        account0_.account_number as account_2_0_0_,
        account0_.account_status as account_3_0_0_ 
    from
        account account0_ 
    where
        account0_.id=?
]]></system-out>
  <system-err><![CDATA[]]></system-err>
</testsuite>
