<?xml version="1.0" encoding="UTF-8"?>
<testsuite name="com.example.account.service.AccountServiceTest" tests="4" skipped="0" failures="0" errors="0" timestamp="2023-07-22T15:44:38" hostname="YUYA" time="1.775">
  <properties/>
  <testcase name="유저 당 최대 계좌는 10개" classname="com.example.account.service.AccountServiceTest" time="1.657"/>
  <testcase name="해당 유저 없음 - 계좌 생성 실패" classname="com.example.account.service.AccountServiceTest" time="0.009"/>
  <testcase name="첫 계좌 생성" classname="com.example.account.service.AccountServiceTest" time="0.074"/>
  <testcase name="계좌 생성 성공" classname="com.example.account.service.AccountServiceTest" time="0.026"/>
  <system-out><![CDATA[]]></system-out>
  <system-err><![CDATA[]]></system-err>
</testsuite>
